Drawing ABL
Drawing AKT
Drawing ALK
Drawing ALK2
Drawing ATM
Drawing AUORA
Drawing BRAF
Drawing BRSK
Drawing BTK
Drawing C-MET
Drawing CDC2
Drawing CDK2
Drawing CDK4
Drawing CDK9
Drawing CHK1
Drawing CLK
Drawing CSF-1R
Drawing DNAPK
Drawing EGFR
Drawing FAK
Drawing FGFR
Drawing FLT
Drawing GSK3B
Drawing HER2
Drawing HSP90
Drawing IGFR
Drawing IKK
Drawing IRAK
Drawing JAK
Drawing JNK1
Drawing JNK3
Drawing LCK
Drawing LRRK2
Drawing MEK1
Drawing MTOR
Drawing PDPK
Drawing PI3KA
Drawing PI3KB
Drawing PI3KG
Drawing PIP5K3
Drawing PLK
Drawing PRKCB
Drawing ROCK1
Drawing SRC
Drawing STK10
Drawing SYK
Drawing TOP2
Drawing VEGFR1
