AZD-8055_0.04
WYE-125132_0.04
sirolimus_0.04
torin-1_0.04
AZD-8055_0.12
WYE-125132_0.12
sirolimus_0.12
torin-1_0.12
AZD-8055_0.37
BRD-K94012289_0.37
WYE-125132_0.37
sirolimus_0.37
torin-1_0.37
AZD-8055_1.11
BRD-K94012289_1.11
JW-7-24-1_1.11
QL-X-138_1.11
WYE-125132_1.11
sirolimus_1.11
AZD-8055_3.33
BRD-K94012289_3.33
JW-7-24-1_3.33
QL-X-138_3.33
WYE-125132_3.33
sirolimus_3.33
AZD-8055_10
BRD-K94012289_10
sirolimus_10
GSK-2126458_0.04
GSK-2126458_0.12
GDC-0941_0.37
GSK-1059615_0.37
GSK-2126458_0.37
PI-103_0.37
ZSTK-474_0.37
GDC-0941_1.11
GSK-1059615_1.11
GSK-2126458_1.11
MK-2206_1.11
PI-103_1.11
ZSTK-474_1.11
torin-1_1.11
GDC-0941_3.33
GSK-1059615_3.33
GSK-2126458_3.33
MK-2206_3.33
PI-103_3.33
ZSTK-474_3.33
GDC-0941_10
GSK-1059615_10
MK-2206_10
PI-103_10
QL-X-138_10
WYE-125132_10
ZSTK-474_10
torin-1_10
BRD-A18328003_0.04
NVP-BEZ235_0.04
torin-2_0.04
BRD-A18328003_0.12
GSK-690693_0.12
NVP-BEZ235_0.12
torin-2_0.12
BRD-A18328003_0.37
GSK-1059615_0.37
NVP-BEZ235_0.37
torin-2_0.37
BRD-A18328003_1.11
GSK-1059615_1.11
NVP-BEZ235_1.11
BRD-A18328003_3.33
GSK-1059615_3.33
GSK-690693_3.33
NVP-BEZ235_3.33
torin-2_3.33
AKT-inhibitor-1-2_10
BRD-A18328003_10
BRD-K29395450_10
GSK-1059615_10
GSK-690693_10
NVP-BEZ235_10
buparlisib_10
BRD-K54997624_0.37
BRD-K54997624_1.11
buparlisib_1.11
AZD-6482_3.33
BRD-K54997624_3.33
buparlisib_3.33
AZD-6482_10
BRD-K54997624_10
afatinib_0.04
canertinib_0.04
neratinib_0.04
pelitinib_0.04
BRD-U61997977_0.12
PD-0325901_0.12
afatinib_0.12
canertinib_0.12
neratinib_0.12
AZD-8330_0.37
BRD-U61997977_0.37
PD-0325901_0.37
canertinib_0.37
erlotinib_0.37
gefitinib_0.37
pelitinib_0.37
trametinib_0.37
AZD-8330_1.11
BRD-U61997977_1.11
PD-0325901_1.11
afatinib_1.11
canertinib_1.11
erlotinib_1.11
lapatinib_1.11
pelitinib_1.11
selumetinib_1.11
trametinib_1.11
BRD-U61997977_3.33
PD-184352_3.33
erlotinib_3.33
gefitinib_3.33
lapatinib_3.33
neratinib_3.33
selumetinib_3.33
trametinib_3.33
AS-605240_10
AZD-8330_10
PD-0325901_10
PD-184352_10
lapatinib_10
selumetinib_10
trametinib_10
dasatinib_0.37
BRD-U60236422_1.11
BRD-U51024685_3.33
BRD-U60236422_3.33
NVP-TAE684_3.33
canertinib_3.33
dasatinib_3.33
pelitinib_3.33
saracatinib_3.33
dasatinib_10
erlotinib_10
fostamatinib_10
saracatinib_10
LDN-193189_0.37
LDN-193189_1.11
BRD-K20696416_10
BRD-U60236422_10
BRD-U61997977_10
JW-7-24-1_10
NVP-TAE684_10
PHA-665752_10
SU-11274_10
afatinib_10
canertinib_10
crizotinib_10
dovitinib_10
foretinib_10
QL-XII-47_0.04
QL-XII-47_0.12
BRD-K88573743_0.37
JNK-9L_0.37
QL-XII-47_0.37
BRD-K24496482_1.11
BRD-K88573743_1.11
JNK-9L_1.11
QL-XII-47_1.11
AS-601245_3.33
BRD-K88573743_3.33
JNK-9L_3.33
LDN-193189_3.33
AS-601245_10
BRD-K88573743_10
BRD-U51024685_10
JNK-9L_10
LDN-193189_10
linifanib_10
nilotinib_10
pelitinib_10
sorafenib_10
BRD-K88573743_0.04
BRD-K88573743_0.12
BRD-K94012289_0.12
neratinib_0.37
AS-601245_1.11
GSK-690693_1.11
BRD-K24496482_10
BX-912_10
SAR-245408_10
vemurafenib_10
